0 info it worked if it ends with ok
1 verbose cli [ '/Users/dennissmuda/.nvm/versions/node/v6.2.0/bin/node',
1 verbose cli   '/Users/dennissmuda/.nvm/versions/node/v6.2.0/bin/npm',
1 verbose cli   'start' ]
2 info using npm@3.8.9
3 info using node@v6.2.0
4 verbose run-script [ 'prestart', 'start', 'poststart' ]
5 info lifecycle roguelike@1.0.0~prestart: roguelike@1.0.0
6 silly lifecycle roguelike@1.0.0~prestart: no script for prestart, continuing
7 info lifecycle roguelike@1.0.0~start: roguelike@1.0.0
8 verbose lifecycle roguelike@1.0.0~start: unsafe-perm in lifecycle true
9 verbose lifecycle roguelike@1.0.0~start: PATH: /Users/dennissmuda/.nvm/versions/node/v6.2.0/lib/node_modules/npm/bin/node-gyp-bin:/Users/dennissmuda/Sites/dev-tests/games/roguelike/node_modules/.bin:/Users/dennissmuda/.nvm/versions/node/v6.2.0/bin:/Users/dennissmuda/.rvm/gems/ruby-2.4.0-rc1/bin:/Users/dennissmuda/.rvm/gems/ruby-2.4.0-rc1@global/bin:/Users/dennissmuda/.rvm/rubies/ruby-2.4.0-rc1/bin:/usr/local/sbin:/Users/dennissmuda/.nvm/versions/node/v6.2.0/lib/node_modules:/Users/dennissmuda/.nvm/versions/node/v6.2.0/bin:/Users/dennissmuda/.nvm/versions/node/v6.2.0/lib:/usr/local/php5-7.0.11-20160923-203451/bin:/usr/local/bin:/usr/bin:/bin:/usr/sbin:/sbin:/opt/X11/bin:/Library/TeX/texbin:/Users/dennissmuda/.rvm/bin:/Users/dennissmuda/.nvm/versions/node/v6.2.0/bin
10 verbose lifecycle roguelike@1.0.0~start: CWD: /Users/dennissmuda/Sites/dev-tests/games/roguelike
11 silly lifecycle roguelike@1.0.0~start: Args: [ '-c',
11 silly lifecycle   'cross-env NODE_ENV=development webpack-dev-server --open --inline --hot' ]
12 silly lifecycle roguelike@1.0.0~start: Returned: code: 1  signal: null
13 info lifecycle roguelike@1.0.0~start: Failed to exec start script
14 verbose stack Error: roguelike@1.0.0 start: `cross-env NODE_ENV=development webpack-dev-server --open --inline --hot`
14 verbose stack Exit status 1
14 verbose stack     at EventEmitter.<anonymous> (/Users/dennissmuda/.nvm/versions/node/v6.2.0/lib/node_modules/npm/lib/utils/lifecycle.js:245:16)
14 verbose stack     at emitTwo (events.js:106:13)
14 verbose stack     at EventEmitter.emit (events.js:191:7)
14 verbose stack     at ChildProcess.<anonymous> (/Users/dennissmuda/.nvm/versions/node/v6.2.0/lib/node_modules/npm/lib/utils/spawn.js:24:14)
14 verbose stack     at emitTwo (events.js:106:13)
14 verbose stack     at ChildProcess.emit (events.js:191:7)
14 verbose stack     at maybeClose (internal/child_process.js:850:16)
14 verbose stack     at Process.ChildProcess._handle.onexit (internal/child_process.js:215:5)
15 verbose pkgid roguelike@1.0.0
16 verbose cwd /Users/dennissmuda/Sites/dev-tests/games/roguelike
17 error Darwin 16.4.0
18 error argv "/Users/dennissmuda/.nvm/versions/node/v6.2.0/bin/node" "/Users/dennissmuda/.nvm/versions/node/v6.2.0/bin/npm" "start"
19 error node v6.2.0
20 error npm  v3.8.9
21 error code ELIFECYCLE
22 error roguelike@1.0.0 start: `cross-env NODE_ENV=development webpack-dev-server --open --inline --hot`
22 error Exit status 1
23 error Failed at the roguelike@1.0.0 start script 'cross-env NODE_ENV=development webpack-dev-server --open --inline --hot'.
23 error Make sure you have the latest version of node.js and npm installed.
23 error If you do, this is most likely a problem with the roguelike package,
23 error not with npm itself.
23 error Tell the author that this fails on your system:
23 error     cross-env NODE_ENV=development webpack-dev-server --open --inline --hot
23 error You can get information on how to open an issue for this project with:
23 error     npm bugs roguelike
23 error Or if that isn't available, you can get their info via:
23 error     npm owner ls roguelike
23 error There is likely additional logging output above.
24 verbose exit [ 1, true ]
